2022-01-26 15:40:46.653  INFO 18832 --- [restartedMain] com.example.logdemo.LogDemoApplication   : Starting LogDemoApplication using Java 11.0.11 on DESKTOP-5V6DEGT with PID 18832 (D:\demo\log-demo\target\classes started by qzz in D:\demo\log-demo)
2022-01-26 15:40:46.654  INFO 18832 --- [restartedMain] com.example.logdemo.LogDemoApplication   : No active profile set, falling back to default profiles: default
2022-01-26 15:40:46.677  INFO 18832 --- [restartedMain] .e.DevToolsPropertyDefaultsPostProcessor : Devtools property defaults active! Set 'spring.devtools.add-properties' to 'false' to disable
2022-01-26 15:40:46.677  INFO 18832 --- [restartedMain] .e.DevToolsPropertyDefaultsPostProcessor : For additional web related logging consider setting the 'logging.level.web' property to 'DEBUG'
2022-01-26 15:40:47.195  INFO 18832 --- [restartedMain] o.s.b.w.embedded.tomcat.TomcatWebServer  : Tomcat initialized with port(s): 8086 (http)
2022-01-26 15:40:47.201  INFO 18832 --- [restartedMain] o.apache.catalina.core.StandardService   : Starting service [Tomcat]
2022-01-26 15:40:47.201  INFO 18832 --- [restartedMain] org.apache.catalina.core.StandardEngine  : Starting Servlet engine: [Apache Tomcat/9.0.48]
2022-01-26 15:40:47.202  INFO 18832 --- [restartedMain] o.a.catalina.core.AprLifecycleListener   : An older version [1.2.19] of the Apache Tomcat Native library is installed, while Tomcat recommends a minimum version of [1.2.30]
2022-01-26 15:40:47.203  INFO 18832 --- [restartedMain] o.a.catalina.core.AprLifecycleListener   : Loaded Apache Tomcat Native library [1.2.19] using APR version [1.6.5].
2022-01-26 15:40:47.203  INFO 18832 --- [restartedMain] o.a.catalina.core.AprLifecycleListener   : APR capabilities: IPv6 [true], sendfile [true], accept filters [false], random [true], UDS [false].
2022-01-26 15:40:47.203  INFO 18832 --- [restartedMain] o.a.catalina.core.AprLifecycleListener   : APR/OpenSSL configuration: useAprConnector [false], useOpenSSL [true]
2022-01-26 15:40:47.204  INFO 18832 --- [restartedMain] o.a.catalina.core.AprLifecycleListener   : OpenSSL successfully initialized [OpenSSL 1.1.1a  20 Nov 2018]
2022-01-26 15:40:47.234  INFO 18832 --- [restartedMain] o.a.c.c.C.[Tomcat].[localhost].[/]       : Initializing Spring embedded WebApplicationContext
2022-01-26 15:40:47.234  INFO 18832 --- [restartedMain] w.s.c.ServletWebServerApplicationContext : Root WebApplicationContext: initialization completed in 555 ms
2022-01-26 15:40:47.310  INFO 18832 --- [restartedMain] c.a.d.s.b.a.DruidDataSourceAutoConfigure : Init DruidDataSource
2022-01-26 15:40:47.357  INFO 18832 --- [restartedMain] com.alibaba.druid.pool.DruidDataSource   : {dataSource-1} inited
2022-01-26 15:40:47.882  INFO 18832 --- [restartedMain] o.s.b.d.a.OptionalLiveReloadServer       : LiveReload server is running on port 35729
2022-01-26 15:40:47.905  INFO 18832 --- [restartedMain] o.s.b.w.embedded.tomcat.TomcatWebServer  : Tomcat started on port(s): 8086 (http) with context path ''
2022-01-26 15:40:47.913  INFO 18832 --- [restartedMain] com.example.logdemo.LogDemoApplication   : Started LogDemoApplication in 1.492 seconds (JVM running for 2.045)
2022-01-26 15:40:56.912  INFO 18832 --- [http-nio-8086-exec-1] o.a.c.c.C.[Tomcat].[localhost].[/]       : Initializing Spring DispatcherServlet 'dispatcherServlet'
2022-01-26 15:40:56.913  INFO 18832 --- [http-nio-8086-exec-1] o.s.web.servlet.DispatcherServlet        : Initializing Servlet 'dispatcherServlet'
2022-01-26 15:40:56.914  INFO 18832 --- [http-nio-8086-exec-1] o.s.web.servlet.DispatcherServlet        : Completed initialization in 1 ms
2022-01-26 15:40:56.925  INFO 18832 --- [http-nio-8086-exec-1] c.e.logdemo.controller.UserController    : 查看用户列表
2022-01-26 15:45:25.712  INFO 18832 --- [SpringApplicationShutdownHook] com.alibaba.druid.pool.DruidDataSource   : {dataSource-1} closing ...
2022-01-26 15:45:25.715  INFO 18832 --- [SpringApplicationShutdownHook] com.alibaba.druid.pool.DruidDataSource   : {dataSource-1} closed
2022-01-26 16:57:41.221  INFO 19416 --- [restartedMain] com.example.logdemo.LogDemoApplication   : Starting LogDemoApplication using Java 11.0.11 on DESKTOP-5V6DEGT with PID 19416 (D:\demo\log-demo\target\classes started by qzz in D:\demo\log-demo)
2022-01-26 16:57:41.222  INFO 19416 --- [restartedMain] com.example.logdemo.LogDemoApplication   : No active profile set, falling back to default profiles: default
2022-01-26 16:57:41.249  INFO 19416 --- [restartedMain] .e.DevToolsPropertyDefaultsPostProcessor : Devtools property defaults active! Set 'spring.devtools.add-properties' to 'false' to disable
2022-01-26 16:57:41.249  INFO 19416 --- [restartedMain] .e.DevToolsPropertyDefaultsPostProcessor : For additional web related logging consider setting the 'logging.level.web' property to 'DEBUG'
2022-01-26 16:57:41.771  INFO 19416 --- [restartedMain] o.s.b.w.embedded.tomcat.TomcatWebServer  : Tomcat initialized with port(s): 8086 (http)
2022-01-26 16:57:41.776  INFO 19416 --- [restartedMain] o.apache.catalina.core.StandardService   : Starting service [Tomcat]
2022-01-26 16:57:41.777  INFO 19416 --- [restartedMain] org.apache.catalina.core.StandardEngine  : Starting Servlet engine: [Apache Tomcat/9.0.48]
2022-01-26 16:57:41.778  INFO 19416 --- [restartedMain] o.a.catalina.core.AprLifecycleListener   : An older version [1.2.19] of the Apache Tomcat Native library is installed, while Tomcat recommends a minimum version of [1.2.30]
2022-01-26 16:57:41.778  INFO 19416 --- [restartedMain] o.a.catalina.core.AprLifecycleListener   : Loaded Apache Tomcat Native library [1.2.19] using APR version [1.6.5].
2022-01-26 16:57:41.778  INFO 19416 --- [restartedMain] o.a.catalina.core.AprLifecycleListener   : APR capabilities: IPv6 [true], sendfile [true], accept filters [false], random [true], UDS [false].
2022-01-26 16:57:41.778  INFO 19416 --- [restartedMain] o.a.catalina.core.AprLifecycleListener   : APR/OpenSSL configuration: useAprConnector [false], useOpenSSL [true]
2022-01-26 16:57:41.780  INFO 19416 --- [restartedMain] o.a.catalina.core.AprLifecycleListener   : OpenSSL successfully initialized [OpenSSL 1.1.1a  20 Nov 2018]
2022-01-26 16:57:41.811  INFO 19416 --- [restartedMain] o.a.c.c.C.[Tomcat].[localhost].[/]       : Initializing Spring embedded WebApplicationContext
2022-01-26 16:57:41.811  INFO 19416 --- [restartedMain] w.s.c.ServletWebServerApplicationContext : Root WebApplicationContext: initialization completed in 562 ms
2022-01-26 16:57:41.886  INFO 19416 --- [restartedMain] c.a.d.s.b.a.DruidDataSourceAutoConfigure : Init DruidDataSource
2022-01-26 16:57:41.939  INFO 19416 --- [restartedMain] com.alibaba.druid.pool.DruidDataSource   : {dataSource-1} inited
2022-01-26 16:57:42.483  INFO 19416 --- [restartedMain] o.s.b.d.a.OptionalLiveReloadServer       : LiveReload server is running on port 35729
2022-01-26 16:57:42.504  INFO 19416 --- [restartedMain] o.s.b.w.embedded.tomcat.TomcatWebServer  : Tomcat started on port(s): 8086 (http) with context path ''
2022-01-26 16:57:42.512  INFO 19416 --- [restartedMain] com.example.logdemo.LogDemoApplication   : Started LogDemoApplication in 1.531 seconds (JVM running for 2.204)
2022-01-26 17:03:11.389  INFO 19416 --- [SpringApplicationShutdownHook] com.alibaba.druid.pool.DruidDataSource   : {dataSource-1} closing ...
2022-01-26 17:03:11.391  INFO 19416 --- [SpringApplicationShutdownHook] com.alibaba.druid.pool.DruidDataSource   : {dataSource-1} closed
