2022-02-11 11:20:46.949 [restartedMain] ERROR org.springframework.boot.SpringApplication - Application run failed
java.lang.IllegalStateException: java.lang.IllegalStateException: Logback configuration error detected: 
ERROR in ch.qos.logback.core.joran.spi.Interpreter@29:21 - no applicable action for [charse], current ElementPath  is [[configuration][appender][encoder][charse]]
ERROR in ch.qos.logback.core.joran.spi.Interpreter@37:14 - no applicable action for [fie], current ElementPath  is [[configuration][appender][fie]]
ERROR in ch.qos.logback.core.joran.spi.Interpreter@43:21 - no applicable action for [charse], current ElementPath  is [[configuration][appender][encoder][charse]]
ERROR in ch.qos.logback.core.joran.spi.Interpreter@59:22 - no applicable action for [onMacth], current ElementPath  is [[configuration][appender][filter][onMacth]]
ERROR in ch.qos.logback.core.joran.spi.Interpreter@66:14 - no applicable action for [fie], current ElementPath  is [[configuration][appender][fie]]
ERROR in ch.qos.logback.core.joran.spi.Interpreter@71:21 - no applicable action for [charse], current ElementPath  is [[configuration][appender][encoder][charse]]
ERROR in ch.qos.logback.core.joran.spi.Interpreter@87:22 - no applicable action for [onMacth], current ElementPath  is [[configuration][appender][filter][onMacth]]
ERROR in ch.qos.logback.core.joran.spi.Interpreter@94:14 - no applicable action for [fie], current ElementPath  is [[configuration][appender][fie]]
ERROR in ch.qos.logback.core.joran.spi.Interpreter@99:21 - no applicable action for [charse], current ElementPath  is [[configuration][appender][encoder][charse]]
ERROR in ch.qos.logback.core.joran.spi.Interpreter@114:22 - no applicable action for [onMacth], current ElementPath  is [[configuration][appender][filter][onMacth]]
ERROR in ch.qos.logback.core.joran.spi.Interpreter@121:14 - no applicable action for [fie], current ElementPath  is [[configuration][appender][fie]]
ERROR in ch.qos.logback.core.joran.spi.Interpreter@126:21 - no applicable action for [charse], current ElementPath  is [[configuration][appender][encoder][charse]]
ERROR in ch.qos.logback.core.joran.spi.Interpreter@141:22 - no applicable action for [onMacth], current ElementPath  is [[configuration][appender][filter][onMacth]]
	at org.springframework.boot.context.logging.LoggingApplicationListener.initializeSystem(LoggingApplicationListener.java:328)
	at org.springframework.boot.context.logging.LoggingApplicationListener.initialize(LoggingApplicationListener.java:282)
	at org.springframework.boot.context.logging.LoggingApplicationListener.onApplicationEnvironmentPreparedEvent(LoggingApplicationListener.java:240)
	at org.springframework.boot.context.logging.LoggingApplicationListener.onApplicationEvent(LoggingApplicationListener.java:216)
	at org.springframework.context.event.SimpleApplicationEventMulticaster.doInvokeListener(SimpleApplicationEventMulticaster.java:176)
	at org.springframework.context.event.SimpleApplicationEventMulticaster.invokeListener(SimpleApplicationEventMulticaster.java:169)
	at org.springframework.context.event.SimpleApplicationEventMulticaster.multicastEvent(SimpleApplicationEventMulticaster.java:143)
	at org.springframework.context.event.SimpleApplicationEventMulticaster.multicastEvent(SimpleApplicationEventMulticaster.java:131)
	at org.springframework.boot.context.event.EventPublishingRunListener.environmentPrepared(EventPublishingRunListener.java:82)
	at org.springframework.boot.SpringApplicationRunListeners.lambda$environmentPrepared$2(SpringApplicationRunListeners.java:63)
	at java.base/java.util.ArrayList.forEach(ArrayList.java:1541)
	at org.springframework.boot.SpringApplicationRunListeners.doWithListeners(SpringApplicationRunListeners.java:117)
	at org.springframework.boot.SpringApplicationRunListeners.doWithListeners(SpringApplicationRunListeners.java:111)
	at org.springframework.boot.SpringApplicationRunListeners.environmentPrepared(SpringApplicationRunListeners.java:62)
	at org.springframework.boot.SpringApplication.prepareEnvironment(SpringApplication.java:374)
	at org.springframework.boot.SpringApplication.run(SpringApplication.java:332)
	at org.springframework.boot.SpringApplication.run(SpringApplication.java:1343)
	at org.springframework.boot.SpringApplication.run(SpringApplication.java:1332)
	at com.example.logdemo.LogDemoApplication.main(LogDemoApplication.java:15)
	at java.base/jdk.internal.reflect.NativeMethodAccessorImpl.invoke0(Native Method)
	at java.base/jdk.internal.reflect.NativeMethodAccessorImpl.invoke(NativeMethodAccessorImpl.java:62)
	at java.base/jdk.internal.reflect.DelegatingMethodAccessorImpl.invoke(DelegatingMethodAccessorImpl.java:43)
	at java.base/java.lang.reflect.Method.invoke(Method.java:566)
	at org.springframework.boot.devtools.restart.RestartLauncher.run(RestartLauncher.java:49)
Caused by: java.lang.IllegalStateException: Logback configuration error detected: 
ERROR in ch.qos.logback.core.joran.spi.Interpreter@29:21 - no applicable action for [charse], current ElementPath  is [[configuration][appender][encoder][charse]]
ERROR in ch.qos.logback.core.joran.spi.Interpreter@37:14 - no applicable action for [fie], current ElementPath  is [[configuration][appender][fie]]
ERROR in ch.qos.logback.core.joran.spi.Interpreter@43:21 - no applicable action for [charse], current ElementPath  is [[configuration][appender][encoder][charse]]
ERROR in ch.qos.logback.core.joran.spi.Interpreter@59:22 - no applicable action for [onMacth], current ElementPath  is [[configuration][appender][filter][onMacth]]
ERROR in ch.qos.logback.core.joran.spi.Interpreter@66:14 - no applicable action for [fie], current ElementPath  is [[configuration][appender][fie]]
ERROR in ch.qos.logback.core.joran.spi.Interpreter@71:21 - no applicable action for [charse], current ElementPath  is [[configuration][appender][encoder][charse]]
ERROR in ch.qos.logback.core.joran.spi.Interpreter@87:22 - no applicable action for [onMacth], current ElementPath  is [[configuration][appender][filter][onMacth]]
ERROR in ch.qos.logback.core.joran.spi.Interpreter@94:14 - no applicable action for [fie], current ElementPath  is [[configuration][appender][fie]]
ERROR in ch.qos.logback.core.joran.spi.Interpreter@99:21 - no applicable action for [charse], current ElementPath  is [[configuration][appender][encoder][charse]]
ERROR in ch.qos.logback.core.joran.spi.Interpreter@114:22 - no applicable action for [onMacth], current ElementPath  is [[configuration][appender][filter][onMacth]]
ERROR in ch.qos.logback.core.joran.spi.Interpreter@121:14 - no applicable action for [fie], current ElementPath  is [[configuration][appender][fie]]
ERROR in ch.qos.logback.core.joran.spi.Interpreter@126:21 - no applicable action for [charse], current ElementPath  is [[configuration][appender][encoder][charse]]
ERROR in ch.qos.logback.core.joran.spi.Interpreter@141:22 - no applicable action for [onMacth], current ElementPath  is [[configuration][appender][filter][onMacth]]
	at org.springframework.boot.logging.logback.LogbackLoggingSystem.loadConfiguration(LogbackLoggingSystem.java:179)
	at org.springframework.boot.logging.AbstractLoggingSystem.initializeWithSpecificConfig(AbstractLoggingSystem.java:66)
	at org.springframework.boot.logging.AbstractLoggingSystem.initialize(AbstractLoggingSystem.java:57)
	at org.springframework.boot.logging.logback.LogbackLoggingSystem.initialize(LogbackLoggingSystem.java:132)
	at org.springframework.boot.context.logging.LoggingApplicationListener.initializeSystem(LoggingApplicationListener.java:316)
	... 23 common frames omitted
2022-02-11 11:28:05.997 [restartedMain] ERROR org.springframework.boot.SpringApplication - Application run failed
java.lang.IllegalStateException: java.lang.IllegalStateException: Logback configuration error detected: 
ERROR in ch.qos.logback.core.joran.spi.Interpreter@37:14 - no applicable action for [fie], current ElementPath  is [[configuration][appender][fie]]
ERROR in ch.qos.logback.core.joran.spi.Interpreter@59:22 - no applicable action for [onMacth], current ElementPath  is [[configuration][appender][filter][onMacth]]
ERROR in ch.qos.logback.core.joran.spi.Interpreter@66:14 - no applicable action for [fie], current ElementPath  is [[configuration][appender][fie]]
ERROR in ch.qos.logback.core.joran.spi.Interpreter@87:22 - no applicable action for [onMacth], current ElementPath  is [[configuration][appender][filter][onMacth]]
ERROR in ch.qos.logback.core.joran.spi.Interpreter@94:14 - no applicable action for [fie], current ElementPath  is [[configuration][appender][fie]]
ERROR in ch.qos.logback.core.joran.spi.Interpreter@114:22 - no applicable action for [onMacth], current ElementPath  is [[configuration][appender][filter][onMacth]]
ERROR in ch.qos.logback.core.joran.spi.Interpreter@121:14 - no applicable action for [fie], current ElementPath  is [[configuration][appender][fie]]
ERROR in ch.qos.logback.core.joran.spi.Interpreter@141:22 - no applicable action for [onMacth], current ElementPath  is [[configuration][appender][filter][onMacth]]
	at org.springframework.boot.context.logging.LoggingApplicationListener.initializeSystem(LoggingApplicationListener.java:328)
	at org.springframework.boot.context.logging.LoggingApplicationListener.initialize(LoggingApplicationListener.java:282)
	at org.springframework.boot.context.logging.LoggingApplicationListener.onApplicationEnvironmentPreparedEvent(LoggingApplicationListener.java:240)
	at org.springframework.boot.context.logging.LoggingApplicationListener.onApplicationEvent(LoggingApplicationListener.java:216)
	at org.springframework.context.event.SimpleApplicationEventMulticaster.doInvokeListener(SimpleApplicationEventMulticaster.java:176)
	at org.springframework.context.event.SimpleApplicationEventMulticaster.invokeListener(SimpleApplicationEventMulticaster.java:169)
	at org.springframework.context.event.SimpleApplicationEventMulticaster.multicastEvent(SimpleApplicationEventMulticaster.java:143)
	at org.springframework.context.event.SimpleApplicationEventMulticaster.multicastEvent(SimpleApplicationEventMulticaster.java:131)
	at org.springframework.boot.context.event.EventPublishingRunListener.environmentPrepared(EventPublishingRunListener.java:82)
	at org.springframework.boot.SpringApplicationRunListeners.lambda$environmentPrepared$2(SpringApplicationRunListeners.java:63)
	at java.base/java.util.ArrayList.forEach(ArrayList.java:1541)
	at org.springframework.boot.SpringApplicationRunListeners.doWithListeners(SpringApplicationRunListeners.java:117)
	at org.springframework.boot.SpringApplicationRunListeners.doWithListeners(SpringApplicationRunListeners.java:111)
	at org.springframework.boot.SpringApplicationRunListeners.environmentPrepared(SpringApplicationRunListeners.java:62)
	at org.springframework.boot.SpringApplication.prepareEnvironment(SpringApplication.java:374)
	at org.springframework.boot.SpringApplication.run(SpringApplication.java:332)
	at org.springframework.boot.SpringApplication.run(SpringApplication.java:1343)
	at org.springframework.boot.SpringApplication.run(SpringApplication.java:1332)
	at com.example.logdemo.LogDemoApplication.main(LogDemoApplication.java:15)
	at java.base/jdk.internal.reflect.NativeMethodAccessorImpl.invoke0(Native Method)
	at java.base/jdk.internal.reflect.NativeMethodAccessorImpl.invoke(NativeMethodAccessorImpl.java:62)
	at java.base/jdk.internal.reflect.DelegatingMethodAccessorImpl.invoke(DelegatingMethodAccessorImpl.java:43)
	at java.base/java.lang.reflect.Method.invoke(Method.java:566)
	at org.springframework.boot.devtools.restart.RestartLauncher.run(RestartLauncher.java:49)
Caused by: java.lang.IllegalStateException: Logback configuration error detected: 
ERROR in ch.qos.logback.core.joran.spi.Interpreter@37:14 - no applicable action for [fie], current ElementPath  is [[configuration][appender][fie]]
ERROR in ch.qos.logback.core.joran.spi.Interpreter@59:22 - no applicable action for [onMacth], current ElementPath  is [[configuration][appender][filter][onMacth]]
ERROR in ch.qos.logback.core.joran.spi.Interpreter@66:14 - no applicable action for [fie], current ElementPath  is [[configuration][appender][fie]]
ERROR in ch.qos.logback.core.joran.spi.Interpreter@87:22 - no applicable action for [onMacth], current ElementPath  is [[configuration][appender][filter][onMacth]]
ERROR in ch.qos.logback.core.joran.spi.Interpreter@94:14 - no applicable action for [fie], current ElementPath  is [[configuration][appender][fie]]
ERROR in ch.qos.logback.core.joran.spi.Interpreter@114:22 - no applicable action for [onMacth], current ElementPath  is [[configuration][appender][filter][onMacth]]
ERROR in ch.qos.logback.core.joran.spi.Interpreter@121:14 - no applicable action for [fie], current ElementPath  is [[configuration][appender][fie]]
ERROR in ch.qos.logback.core.joran.spi.Interpreter@141:22 - no applicable action for [onMacth], current ElementPath  is [[configuration][appender][filter][onMacth]]
	at org.springframework.boot.logging.logback.LogbackLoggingSystem.loadConfiguration(LogbackLoggingSystem.java:179)
	at org.springframework.boot.logging.AbstractLoggingSystem.initializeWithSpecificConfig(AbstractLoggingSystem.java:66)
	at org.springframework.boot.logging.AbstractLoggingSystem.initialize(AbstractLoggingSystem.java:57)
	at org.springframework.boot.logging.logback.LogbackLoggingSystem.initialize(LogbackLoggingSystem.java:132)
	at org.springframework.boot.context.logging.LoggingApplicationListener.initializeSystem(LoggingApplicationListener.java:316)
	... 23 common frames omitted
