2022-02-11 11:33:16.831 [restartedMain] INFO  com.example.logdemo.LogDemoApplication - Starting LogDemoApplication using Java 11.0.11 on DESKTOP-5V6DEGT with PID 24928 (D:\demo\log-demo\target\classes started by qzz in D:\demo\log-demo)
2022-02-11 11:33:16.833 [restartedMain] INFO  com.example.logdemo.LogDemoApplication - The following profiles are active: dev
2022-02-11 11:33:16.868 [restartedMain] INFO  o.s.b.d.env.DevToolsPropertyDefaultsPostProcessor - Devtools property defaults active! Set 'spring.devtools.add-properties' to 'false' to disable
2022-02-11 11:33:16.868 [restartedMain] INFO  o.s.b.d.env.DevToolsPropertyDefaultsPostProcessor - For additional web related logging consider setting the 'logging.level.web' property to 'DEBUG'
2022-02-11 11:33:17.563 [restartedMain] INFO  o.s.boot.web.embedded.tomcat.TomcatWebServer - Tomcat initialized with port(s): 8086 (http)
2022-02-11 11:33:17.578 [restartedMain] INFO  org.apache.coyote.http11.Http11NioProtocol - Initializing ProtocolHandler ["http-nio-8086"]
2022-02-11 11:33:17.579 [restartedMain] INFO  org.apache.catalina.core.StandardService - Starting service [Tomcat]
2022-02-11 11:33:17.579 [restartedMain] INFO  org.apache.catalina.core.StandardEngine - Starting Servlet engine: [Apache Tomcat/9.0.48]
2022-02-11 11:33:17.581 [restartedMain] INFO  org.apache.catalina.core.AprLifecycleListener - An older version [1.2.19] of the Apache Tomcat Native library is installed, while Tomcat recommends a minimum version of [1.2.30]
2022-02-11 11:33:17.581 [restartedMain] INFO  org.apache.catalina.core.AprLifecycleListener - Loaded Apache Tomcat Native library [1.2.19] using APR version [1.6.5].
2022-02-11 11:33:17.581 [restartedMain] INFO  org.apache.catalina.core.AprLifecycleListener - APR capabilities: IPv6 [true], sendfile [true], accept filters [false], random [true], UDS [false].
2022-02-11 11:33:17.581 [restartedMain] INFO  org.apache.catalina.core.AprLifecycleListener - APR/OpenSSL configuration: useAprConnector [false], useOpenSSL [true]
2022-02-11 11:33:17.587 [restartedMain] INFO  org.apache.catalina.core.AprLifecycleListener - OpenSSL successfully initialized [OpenSSL 1.1.1a  20 Nov 2018]
2022-02-11 11:33:17.633 [restartedMain] INFO  o.a.c.core.ContainerBase.[Tomcat].[localhost].[/] - Initializing Spring embedded WebApplicationContext
2022-02-11 11:33:17.633 [restartedMain] INFO  o.s.b.w.s.c.ServletWebServerApplicationContext - Root WebApplicationContext: initialization completed in 765 ms
2022-02-11 11:33:17.727 [restartedMain] INFO  c.a.d.s.b.a.DruidDataSourceAutoConfigure - Init DruidDataSource
2022-02-11 11:33:17.804 [restartedMain] INFO  com.alibaba.druid.pool.DruidDataSource - {dataSource-1} inited
2022-02-11 11:33:18.343 [restartedMain] INFO  o.s.b.d.autoconfigure.OptionalLiveReloadServer - LiveReload server is running on port 35729
2022-02-11 11:33:18.355 [restartedMain] INFO  org.apache.coyote.http11.Http11NioProtocol - Starting ProtocolHandler ["http-nio-8086"]
2022-02-11 11:33:18.368 [restartedMain] INFO  o.s.boot.web.embedded.tomcat.TomcatWebServer - Tomcat started on port(s): 8086 (http) with context path ''
2022-02-11 11:33:18.377 [restartedMain] INFO  com.example.logdemo.LogDemoApplication - Started LogDemoApplication in 1.87 seconds (JVM running for 2.435)
2022-02-11 11:34:16.954 [http-nio-8086-exec-5] INFO  o.a.c.core.ContainerBase.[Tomcat].[localhost].[/] - Initializing Spring DispatcherServlet 'dispatcherServlet'
2022-02-11 11:34:16.955 [http-nio-8086-exec-5] INFO  org.springframework.web.servlet.DispatcherServlet - Initializing Servlet 'dispatcherServlet'
2022-02-11 11:34:16.956 [http-nio-8086-exec-5] INFO  org.springframework.web.servlet.DispatcherServlet - Completed initialization in 1 ms
2022-02-11 11:34:16.969 [http-nio-8086-exec-5] INFO  com.example.logdemo.controller.UserController - 查看用户列表
2022-02-11 11:35:14.264 [SpringApplicationShutdownHook] INFO  com.alibaba.druid.pool.DruidDataSource - {dataSource-1} closing ...
2022-02-11 11:35:14.268 [SpringApplicationShutdownHook] INFO  com.alibaba.druid.pool.DruidDataSource - {dataSource-1} closed
2022-02-11 11:35:16.637 [restartedMain] INFO  com.example.logdemo.LogDemoApplication - Starting LogDemoApplication using Java 11.0.11 on DESKTOP-5V6DEGT with PID 23100 (D:\demo\log-demo\target\classes started by qzz in D:\demo\log-demo)
2022-02-11 11:35:16.639 [restartedMain] INFO  com.example.logdemo.LogDemoApplication - The following profiles are active: dev
2022-02-11 11:35:16.670 [restartedMain] INFO  o.s.b.d.env.DevToolsPropertyDefaultsPostProcessor - Devtools property defaults active! Set 'spring.devtools.add-properties' to 'false' to disable
2022-02-11 11:35:16.670 [restartedMain] INFO  o.s.b.d.env.DevToolsPropertyDefaultsPostProcessor - For additional web related logging consider setting the 'logging.level.web' property to 'DEBUG'
2022-02-11 11:35:17.201 [restartedMain] INFO  o.s.boot.web.embedded.tomcat.TomcatWebServer - Tomcat initialized with port(s): 8086 (http)
2022-02-11 11:35:17.207 [restartedMain] INFO  org.apache.coyote.http11.Http11NioProtocol - Initializing ProtocolHandler ["http-nio-8086"]
2022-02-11 11:35:17.207 [restartedMain] INFO  org.apache.catalina.core.StandardService - Starting service [Tomcat]
2022-02-11 11:35:17.207 [restartedMain] INFO  org.apache.catalina.core.StandardEngine - Starting Servlet engine: [Apache Tomcat/9.0.48]
2022-02-11 11:35:17.208 [restartedMain] INFO  org.apache.catalina.core.AprLifecycleListener - An older version [1.2.19] of the Apache Tomcat Native library is installed, while Tomcat recommends a minimum version of [1.2.30]
2022-02-11 11:35:17.208 [restartedMain] INFO  org.apache.catalina.core.AprLifecycleListener - Loaded Apache Tomcat Native library [1.2.19] using APR version [1.6.5].
2022-02-11 11:35:17.208 [restartedMain] INFO  org.apache.catalina.core.AprLifecycleListener - APR capabilities: IPv6 [true], sendfile [true], accept filters [false], random [true], UDS [false].
2022-02-11 11:35:17.208 [restartedMain] INFO  org.apache.catalina.core.AprLifecycleListener - APR/OpenSSL configuration: useAprConnector [false], useOpenSSL [true]
2022-02-11 11:35:17.210 [restartedMain] INFO  org.apache.catalina.core.AprLifecycleListener - OpenSSL successfully initialized [OpenSSL 1.1.1a  20 Nov 2018]
2022-02-11 11:35:17.250 [restartedMain] INFO  o.a.c.core.ContainerBase.[Tomcat].[localhost].[/] - Initializing Spring embedded WebApplicationContext
2022-02-11 11:35:17.250 [restartedMain] INFO  o.s.b.w.s.c.ServletWebServerApplicationContext - Root WebApplicationContext: initialization completed in 580 ms
2022-02-11 11:35:17.312 [restartedMain] INFO  c.a.d.s.b.a.DruidDataSourceAutoConfigure - Init DruidDataSource
2022-02-11 11:35:17.362 [restartedMain] INFO  com.alibaba.druid.pool.DruidDataSource - {dataSource-1} inited
2022-02-11 11:35:17.865 [restartedMain] INFO  o.s.b.d.autoconfigure.OptionalLiveReloadServer - LiveReload server is running on port 35729
2022-02-11 11:35:17.878 [restartedMain] INFO  org.apache.coyote.http11.Http11NioProtocol - Starting ProtocolHandler ["http-nio-8086"]
2022-02-11 11:35:17.889 [restartedMain] INFO  o.s.boot.web.embedded.tomcat.TomcatWebServer - Tomcat started on port(s): 8086 (http) with context path ''
2022-02-11 11:35:17.898 [restartedMain] INFO  com.example.logdemo.LogDemoApplication - Started LogDemoApplication in 1.572 seconds (JVM running for 2.255)
2022-02-11 11:35:23.755 [http-nio-8086-exec-1] INFO  o.a.c.core.ContainerBase.[Tomcat].[localhost].[/] - Initializing Spring DispatcherServlet 'dispatcherServlet'
2022-02-11 11:35:23.756 [http-nio-8086-exec-1] INFO  org.springframework.web.servlet.DispatcherServlet - Initializing Servlet 'dispatcherServlet'
2022-02-11 11:35:23.757 [http-nio-8086-exec-1] INFO  org.springframework.web.servlet.DispatcherServlet - Completed initialization in 1 ms
2022-02-11 11:35:23.770 [http-nio-8086-exec-1] INFO  com.example.logdemo.controller.UserController - 查看用户列表
2022-02-11 11:36:20.349 [SpringApplicationShutdownHook] INFO  com.alibaba.druid.pool.DruidDataSource - {dataSource-1} closing ...
2022-02-11 11:36:20.352 [SpringApplicationShutdownHook] INFO  com.alibaba.druid.pool.DruidDataSource - {dataSource-1} closed
2022-02-11 11:36:24.782 [restartedMain] INFO  com.example.logdemo.LogDemoApplication - Starting LogDemoApplication using Java 11.0.11 on DESKTOP-5V6DEGT with PID 25592 (D:\demo\log-demo\target\classes started by qzz in D:\demo\log-demo)
2022-02-11 11:36:24.783 [restartedMain] INFO  com.example.logdemo.LogDemoApplication - The following profiles are active: dev
2022-02-11 11:36:24.807 [restartedMain] INFO  o.s.b.d.env.DevToolsPropertyDefaultsPostProcessor - Devtools property defaults active! Set 'spring.devtools.add-properties' to 'false' to disable
2022-02-11 11:36:24.807 [restartedMain] INFO  o.s.b.d.env.DevToolsPropertyDefaultsPostProcessor - For additional web related logging consider setting the 'logging.level.web' property to 'DEBUG'
2022-02-11 11:36:25.348 [restartedMain] INFO  o.s.boot.web.embedded.tomcat.TomcatWebServer - Tomcat initialized with port(s): 8086 (http)
2022-02-11 11:36:25.354 [restartedMain] INFO  org.apache.coyote.http11.Http11NioProtocol - Initializing ProtocolHandler ["http-nio-8086"]
2022-02-11 11:36:25.354 [restartedMain] INFO  org.apache.catalina.core.StandardService - Starting service [Tomcat]
2022-02-11 11:36:25.354 [restartedMain] INFO  org.apache.catalina.core.StandardEngine - Starting Servlet engine: [Apache Tomcat/9.0.48]
2022-02-11 11:36:25.355 [restartedMain] INFO  org.apache.catalina.core.AprLifecycleListener - An older version [1.2.19] of the Apache Tomcat Native library is installed, while Tomcat recommends a minimum version of [1.2.30]
2022-02-11 11:36:25.355 [restartedMain] INFO  org.apache.catalina.core.AprLifecycleListener - Loaded Apache Tomcat Native library [1.2.19] using APR version [1.6.5].
2022-02-11 11:36:25.355 [restartedMain] INFO  org.apache.catalina.core.AprLifecycleListener - APR capabilities: IPv6 [true], sendfile [true], accept filters [false], random [true], UDS [false].
2022-02-11 11:36:25.356 [restartedMain] INFO  org.apache.catalina.core.AprLifecycleListener - APR/OpenSSL configuration: useAprConnector [false], useOpenSSL [true]
2022-02-11 11:36:25.357 [restartedMain] INFO  org.apache.catalina.core.AprLifecycleListener - OpenSSL successfully initialized [OpenSSL 1.1.1a  20 Nov 2018]
2022-02-11 11:36:25.389 [restartedMain] INFO  o.a.c.core.ContainerBase.[Tomcat].[localhost].[/] - Initializing Spring embedded WebApplicationContext
2022-02-11 11:36:25.389 [restartedMain] INFO  o.s.b.w.s.c.ServletWebServerApplicationContext - Root WebApplicationContext: initialization completed in 582 ms
2022-02-11 11:36:25.466 [restartedMain] INFO  c.a.d.s.b.a.DruidDataSourceAutoConfigure - Init DruidDataSource
2022-02-11 11:36:25.518 [restartedMain] INFO  com.alibaba.druid.pool.DruidDataSource - {dataSource-1} inited
2022-02-11 11:36:26.008 [restartedMain] INFO  o.s.b.d.autoconfigure.OptionalLiveReloadServer - LiveReload server is running on port 35729
2022-02-11 11:36:26.021 [restartedMain] INFO  org.apache.coyote.http11.Http11NioProtocol - Starting ProtocolHandler ["http-nio-8086"]
2022-02-11 11:36:26.033 [restartedMain] INFO  o.s.boot.web.embedded.tomcat.TomcatWebServer - Tomcat started on port(s): 8086 (http) with context path ''
2022-02-11 11:36:26.040 [restartedMain] INFO  com.example.logdemo.LogDemoApplication - Started LogDemoApplication in 1.551 seconds (JVM running for 2.151)
2022-02-11 11:37:30.050 [http-nio-8086-exec-1] INFO  o.a.c.core.ContainerBase.[Tomcat].[localhost].[/] - Initializing Spring DispatcherServlet 'dispatcherServlet'
2022-02-11 11:37:30.050 [http-nio-8086-exec-1] INFO  org.springframework.web.servlet.DispatcherServlet - Initializing Servlet 'dispatcherServlet'
2022-02-11 11:37:30.051 [http-nio-8086-exec-1] INFO  org.springframework.web.servlet.DispatcherServlet - Completed initialization in 1 ms
2022-02-11 11:37:30.069 [http-nio-8086-exec-1] INFO  com.example.logdemo.controller.UserController - 查看用户列表
2022-02-11 11:38:53.673 [SpringApplicationShutdownHook] INFO  com.alibaba.druid.pool.DruidDataSource - {dataSource-1} closing ...
2022-02-11 11:38:53.676 [SpringApplicationShutdownHook] INFO  com.alibaba.druid.pool.DruidDataSource - {dataSource-1} closed
2022-02-11 11:38:57.008 [restartedMain] INFO  com.example.logdemo.LogDemoApplication - Starting LogDemoApplication using Java 11.0.11 on DESKTOP-5V6DEGT with PID 11440 (D:\demo\log-demo\target\classes started by qzz in D:\demo\log-demo)
2022-02-11 11:38:57.009 [restartedMain] INFO  com.example.logdemo.LogDemoApplication - The following profiles are active: dev
2022-02-11 11:38:57.033 [restartedMain] INFO  o.s.b.d.env.DevToolsPropertyDefaultsPostProcessor - Devtools property defaults active! Set 'spring.devtools.add-properties' to 'false' to disable
2022-02-11 11:38:57.033 [restartedMain] INFO  o.s.b.d.env.DevToolsPropertyDefaultsPostProcessor - For additional web related logging consider setting the 'logging.level.web' property to 'DEBUG'
2022-02-11 11:38:57.567 [restartedMain] INFO  o.s.boot.web.embedded.tomcat.TomcatWebServer - Tomcat initialized with port(s): 8086 (http)
2022-02-11 11:38:57.573 [restartedMain] INFO  org.apache.coyote.http11.Http11NioProtocol - Initializing ProtocolHandler ["http-nio-8086"]
2022-02-11 11:38:57.573 [restartedMain] INFO  org.apache.catalina.core.StandardService - Starting service [Tomcat]
2022-02-11 11:38:57.573 [restartedMain] INFO  org.apache.catalina.core.StandardEngine - Starting Servlet engine: [Apache Tomcat/9.0.48]
2022-02-11 11:38:57.574 [restartedMain] INFO  org.apache.catalina.core.AprLifecycleListener - An older version [1.2.19] of the Apache Tomcat Native library is installed, while Tomcat recommends a minimum version of [1.2.30]
2022-02-11 11:38:57.574 [restartedMain] INFO  org.apache.catalina.core.AprLifecycleListener - Loaded Apache Tomcat Native library [1.2.19] using APR version [1.6.5].
2022-02-11 11:38:57.574 [restartedMain] INFO  org.apache.catalina.core.AprLifecycleListener - APR capabilities: IPv6 [true], sendfile [true], accept filters [false], random [true], UDS [false].
2022-02-11 11:38:57.575 [restartedMain] INFO  org.apache.catalina.core.AprLifecycleListener - APR/OpenSSL configuration: useAprConnector [false], useOpenSSL [true]
2022-02-11 11:38:57.576 [restartedMain] INFO  org.apache.catalina.core.AprLifecycleListener - OpenSSL successfully initialized [OpenSSL 1.1.1a  20 Nov 2018]
2022-02-11 11:38:57.618 [restartedMain] INFO  o.a.c.core.ContainerBase.[Tomcat].[localhost].[/] - Initializing Spring embedded WebApplicationContext
2022-02-11 11:38:57.619 [restartedMain] INFO  o.s.b.w.s.c.ServletWebServerApplicationContext - Root WebApplicationContext: initialization completed in 586 ms
2022-02-11 11:38:57.685 [restartedMain] INFO  c.a.d.s.b.a.DruidDataSourceAutoConfigure - Init DruidDataSource
2022-02-11 11:38:57.736 [restartedMain] INFO  com.alibaba.druid.pool.DruidDataSource - {dataSource-1} inited
2022-02-11 11:38:58.228 [restartedMain] INFO  o.s.b.d.autoconfigure.OptionalLiveReloadServer - LiveReload server is running on port 35729
2022-02-11 11:38:58.240 [restartedMain] INFO  org.apache.coyote.http11.Http11NioProtocol - Starting ProtocolHandler ["http-nio-8086"]
2022-02-11 11:38:58.251 [restartedMain] INFO  o.s.boot.web.embedded.tomcat.TomcatWebServer - Tomcat started on port(s): 8086 (http) with context path ''
2022-02-11 11:38:58.259 [restartedMain] INFO  com.example.logdemo.LogDemoApplication - Started LogDemoApplication in 1.534 seconds (JVM running for 2.071)
2022-02-11 11:39:02.607 [http-nio-8086-exec-2] INFO  o.a.c.core.ContainerBase.[Tomcat].[localhost].[/] - Initializing Spring DispatcherServlet 'dispatcherServlet'
2022-02-11 11:39:02.608 [http-nio-8086-exec-2] INFO  org.springframework.web.servlet.DispatcherServlet - Initializing Servlet 'dispatcherServlet'
2022-02-11 11:39:02.609 [http-nio-8086-exec-2] INFO  org.springframework.web.servlet.DispatcherServlet - Completed initialization in 1 ms
2022-02-11 11:39:02.621 [http-nio-8086-exec-2] INFO  com.example.logdemo.controller.UserController - 查看用户列表
2022-02-11 11:40:48.391 [SpringApplicationShutdownHook] INFO  com.alibaba.druid.pool.DruidDataSource - {dataSource-1} closing ...
2022-02-11 11:40:48.394 [SpringApplicationShutdownHook] INFO  com.alibaba.druid.pool.DruidDataSource - {dataSource-1} closed
